<?xml version="1.0" encoding="UTF-8"?>
<testng-results ignored="0" total="2" passed="2" failed="0" skipped="0">
  <reporter-output>
  </reporter-output>
  <suite started-at="2024-06-09T08:59:01 EDT" name="Default suite" finished-at="2024-06-09T08:59:06 EDT" duration-ms="5618">
    <groups>
      <group name="cucumber">
        <method signature="AbstractTestNGCucumberTests.runScenario(io.cucumber.testng.PickleWrapper,io.cucumber.testng.FeatureWrapper)[pri:0, instance:Parallel.ParallelRun@41330d4f]" name="runScenario" class="io.cucumber.testng.AbstractTestNGCucumberTests"/>
      </group> <!-- cucumber -->
    </groups>
    <test started-at="2024-06-09T08:59:01 EDT" name="Default test" finished-at="2024-06-09T08:59:06 EDT" duration-ms="5618">
      <class name="Parallel.ParallelRun">
        <test-method is-config="true" signature="setUpClass()[pri:0, instance:Parallel.ParallelRun@41330d4f]" started-at="2024-06-09T08:59:01 EDT" name="setUpClass" finished-at="2024-06-09T08:59:01 EDT" duration-ms="390" status="PASS">
          <reporter-output>
          </reporter-output>
        </test-method> <!-- setUpClass -->
        <test-method signature="runScenario(io.cucumber.testng.PickleWrapper,io.cucumber.testng.FeatureWrapper)[pri:0, instance:Parallel.ParallelRun@41330d4f]" started-at="2024-06-09T08:59:01 EDT" name="runScenario" description="Runs Cucumber Scenarios" data-provider="scenarios" finished-at="2024-06-09T08:59:06 EDT" duration-ms="5125" status="PASS">
          <params>
            <param index="0">
              <value>
                <![CDATA["Homepage Links"]]>
              </value>
            </param>
            <param index="1">
              <value>
                <![CDATA["Optional[Home page feature]"]]>
              </value>
            </param>
          </params>
          <reporter-output>
          </reporter-output>
        </test-method> <!-- runScenario -->
        <test-method signature="runScenario(io.cucumber.testng.PickleWrapper,io.cucumber.testng.FeatureWrapper)[pri:0, instance:Parallel.ParallelRun@41330d4f]" started-at="2024-06-09T08:59:01 EDT" name="runScenario" description="Runs Cucumber Scenarios" data-provider="scenarios" finished-at="2024-06-09T08:59:06 EDT" duration-ms="4853" status="PASS">
          <params>
            <param index="0">
              <value>
                <![CDATA["HomePageTitle"]]>
              </value>
            </param>
            <param index="1">
              <value>
                <![CDATA["Optional[Home page feature]"]]>
              </value>
            </param>
          </params>
          <reporter-output>
          </reporter-output>
        </test-method> <!-- runScenario -->
        <test-method is-config="true" signature="tearDownClass()[pri:0, instance:Parallel.ParallelRun@41330d4f]" started-at="2024-06-09T08:59:06 EDT" name="tearDownClass" finished-at="2024-06-09T08:59:06 EDT" duration-ms="10" status="PASS">
          <reporter-output>
          </reporter-output>
        </test-method> <!-- tearDownClass -->
      </class> <!-- Parallel.ParallelRun -->
    </test> <!-- Default test -->
  </suite> <!-- Default suite -->
</testng-results>
